<?xml version="1.0" encoding="UTF-8"?>
<testsuite name="scripts.Scripts" tests="3" skipped="2" failures="1" errors="0" timestamp="2017-11-05T16:53:26" hostname="DESKTOP-ECGUOTO" time="0.918">
  <properties/>
  <testcase name="BeforeClass" classname="scripts.Scripts" time="0.0">
    <failure message="java.lang.AssertionError: null" type="java.lang.AssertionError">java.lang.AssertionError: null
	at org.testng.Assert.fail(Assert.java:94)
	at scripts.Scripts.BeforeClass(Scripts.java:78)
	at sun.reflect.NativeMethodAccessorImpl.invoke0(Native Method)
	at sun.reflect.NativeMethodAccessorImpl.invoke(NativeMethodAccessorImpl.java:62)
	at sun.reflect.DelegatingMethodAccessorImpl.invoke(DelegatingMethodAccessorImpl.java:43)
	at java.lang.reflect.Method.invoke(Method.java:498)
	at org.testng.internal.MethodInvocationHelper.invokeMethod(MethodInvocationHelper.java:104)
	at org.testng.internal.Invoker.invokeConfigurationMethod(Invoker.java:515)
	at org.testng.internal.Invoker.invokeConfigurations(Invoker.java:217)
	at org.testng.internal.Invoker.invokeConfigurations(Invoker.java:144)
	at org.testng.internal.TestMethodWorker.invokeBeforeClassMethods(TestMethodWorker.java:169)
	at org.testng.internal.TestMethodWorker.run(TestMethodWorker.java:108)
	at org.testng.TestRunner.privateRun(TestRunner.java:756)
	at org.testng.TestRunner.run(TestRunner.java:610)
	at org.testng.SuiteRunner.runTest(SuiteRunner.java:387)
	at org.testng.SuiteRunner.access$000(SuiteRunner.java:39)
	at org.testng.SuiteRunner$SuiteWorker.run(SuiteRunner.java:421)
	at org.testng.internal.thread.ThreadUtil$2.call(ThreadUtil.java:64)
	at java.util.concurrent.FutureTask.run(FutureTask.java:266)
	at java.util.concurrent.ThreadPoolExecutor.runWorker(ThreadPoolExecutor.java:1149)
	at java.util.concurrent.ThreadPoolExecutor$Worker.run(ThreadPoolExecutor.java:624)
	at java.lang.Thread.run(Thread.java:748)
</failure>
  </testcase>
  <testcase name="testXFormUserManagement[0](Tenant 1 Desc, Admin, none, Julio, Oropeza, Qa Tester, julio.oropeza@janeirodigital.com, julio.oropeza@janeirodigital.com, unchecked, Tenant 1 Desc, Admin, unchecked, null)" classname="scripts.Scripts" time="0.0">
    <skipped/>
  </testcase>
  <testcase name="testXFormUserManagement[1](Tenant 2 Desc, Admin, none, Cesar, Gonzalez, Qa Tester, julio.oropeza@janeirodigital.com, julio.oropeza@janeirodigital.com, unchecked, Tenant 1 Desc, Admin, unchecked, null)" classname="scripts.Scripts" time="0.0">
    <skipped/>
  </testcase>
  <system-out><![CDATA[]]></system-out>
  <system-err><![CDATA[]]></system-err>
</testsuite>
