<?xml version="1.0" encoding="UTF-8"?>
<testsuite name="scripts.Scripts" tests="2" skipped="0" failures="0" errors="0" timestamp="2017-11-05T19:25:35" hostname="DESKTOP-ECGUOTO" time="0.004">
  <properties/>
  <testcase name="testXFormUserManagement[0](Tenant 1 Desc, Admin, none, Julio, Oropeza, Qa Tester, julio.oropeza@janeirodigital.com, julio.oropeza@janeirodigital.com, unchecked, Tenant 1 Desc, Admin, unchecked, null)" classname="scripts.Scripts" time="0.001"/>
  <testcase name="testXFormUserManagement[1](Tenant 2 Desc, Admin, none, Cesar, Gonzalez, Qa Tester, julio.oropeza@janeirodigital.com, julio.oropeza@janeirodigital.com, unchecked, Tenant 1 Desc, Admin, unchecked, null)" classname="scripts.Scripts" time="0.002"/>
  <system-out><![CDATA[you have provided FilterByTenant as::Admin
you have provided FilterByRole as::none
you have provided FilterByTenant as::Admin
you have provided FilterByRole as::none
]]></system-out>
  <system-err><![CDATA[]]></system-err>
</testsuite>
